<?xml version="1.0" encoding="UTF-8"?>
<testsuite xmlns:xsi="http://www.w3.org/2001/XMLSchema-instance" xsi:noNamespaceSchemaLocation="https://maven.apache.org/surefire/maven-surefire-plugin/xsd/surefire-test-report.xsd" name="com.example.CalculatorServletTest" time="0" tests="8" errors="0" skipped="0" failures="0">
  <properties>
[...]
</properties>
  <testcase name="testInvalidInputTriggersException" classname="com.example.CalculatorServletTest" time="0"/>
  <testcase name="testDoGet" classname="com.example.CalculatorServletTest" time="0"/>
  <testcase name="testMultiplication" classname="com.example.CalculatorServletTest" time="0"/>
  <testcase name="testAddition" classname="com.example.CalculatorServletTest" time="0"/>
  <testcase name="testDivisionByZero" classname="com.example.CalculatorServletTest" time="0"/>
  <testcase name="testHeadersAreSet" classname="com.example.CalculatorServletTest" time="0"/>
  <testcase name="testDivision" classname="com.example.CalculatorServletTest" time="0"/>
  <testcase name="testSubtraction" classname="com.example.CalculatorServletTest" time="0"/>
</testsuite>