<?xml version="1.0" encoding="UTF-8"?>
<testsuite xmlns:xsi="http://www.w3.org/2001/XMLSchema-instance" xsi:noNamespaceSchemaLocation="https://maven.apache.org/surefire/maven-surefire-plugin/xsd/surefire-test-report.xsd" name="com.example.CalculatorServletTest" time="0.021" tests="7" errors="0" skipped="0" failures="2">
  <properties>
[...]
</properties>
  <testcase name="testInvalidInputHandling" classname="com.example.CalculatorServletTest" time="0"/>
  <testcase name="testMultiplication" classname="com.example.CalculatorServletTest" time="0"/>
  <testcase name="testAddition" classname="com.example.CalculatorServletTest" time="0"/>
  <testcase name="testDivisionByZero" classname="com.example.CalculatorServletTest" time="0.007">
    <failure type="java.lang.AssertionError">java.lang.AssertionError
	at com.example.CalculatorServletTest.testOperation(CalculatorServletTest.java:38)
	at com.example.CalculatorServletTest.testDivisionByZero(CalculatorServletTest.java:45)
</failure>
  </testcase>
  <testcase name="testDivision" classname="com.example.CalculatorServletTest" time="0.003"/>
  <testcase name="testGetMethod" classname="com.example.CalculatorServletTest" time="0.004">
    <failure message="&#10;httpServletResponse.getWriter();&#10;Wanted 1 time:&#10;-&gt; at com.example.CalculatorServletTest.testGetMethod(CalculatorServletTest.java:70)&#10;But was 4 times:&#10;-&gt; at com.example.CalculatorServlet.doGet(CalculatorServlet.java:15)&#10;-&gt; at com.example.CalculatorServlet.doGet(CalculatorServlet.java:16)&#10;-&gt; at com.example.CalculatorServlet.doGet(CalculatorServlet.java:17)&#10;-&gt; at com.example.CalculatorServlet.doGet(CalculatorServlet.java:18)&#10;&#10;" type="org.mockito.exceptions.verification.TooManyActualInvocations">org.mockito.exceptions.verification.TooManyActualInvocations: 

httpServletResponse.getWriter();
Wanted 1 time:
-> at com.example.CalculatorServletTest.testGetMethod(CalculatorServletTest.java:70)
But was 4 times:
-> at com.example.CalculatorServlet.doGet(CalculatorServlet.java:15)
-> at com.example.CalculatorServlet.doGet(CalculatorServlet.java:16)
-> at com.example.CalculatorServlet.doGet(CalculatorServlet.java:17)
-> at com.example.CalculatorServlet.doGet(CalculatorServlet.java:18)


	at com.example.CalculatorServletTest.testGetMethod(CalculatorServletTest.java:70)
</failure>
  </testcase>
  <testcase name="testSubtraction" classname="com.example.CalculatorServletTest" time="0.002"/>
</testsuite>